#! /usr/bin/vvp
:ivl_version "11.0 (stable)";
:ivl_delay_selection "TYPICAL";
:vpi_time_precision + 0;
:vpi_module "/usr/lib/x86_64-linux-gnu/ivl/system.vpi";
:vpi_module "/usr/lib/x86_64-linux-gnu/ivl/vhdl_sys.vpi";
:vpi_module "/usr/lib/x86_64-linux-gnu/ivl/vhdl_textio.vpi";
:vpi_module "/usr/lib/x86_64-linux-gnu/ivl/v2005_math.vpi";
:vpi_module "/usr/lib/x86_64-linux-gnu/ivl/va_math.vpi";
S_0x61d9d49137d0 .scope module, "or_gate_tb" "or_gate_tb" 2 1;
 .timescale 0 0;
v0x61d9d4923320_0 .var "a_tb", 0 0;
v0x61d9d49233f0_0 .var "b_tb", 0 0;
v0x61d9d49234c0_0 .net "c_tb", 0 0, L_0x61d9d49235c0;  1 drivers
S_0x61d9d4913960 .scope module, "u_gate" "or_gate" 2 7, 3 1 0, S_0x61d9d49137d0;
 .timescale 0 0;
    .port_info 0 /INPUT 1 "a";
    .port_info 1 /INPUT 1 "b";
    .port_info 2 /OUTPUT 1 "c";
L_0x61d9d49235c0 .functor OR 1, v0x61d9d4923320_0, v0x61d9d49233f0_0, C4<0>, C4<0>;
v0x61d9d48daba0_0 .net "a", 0 0, v0x61d9d4923320_0;  1 drivers
v0x61d9d4923140_0 .net "b", 0 0, v0x61d9d49233f0_0;  1 drivers
v0x61d9d4923200_0 .net "c", 0 0, L_0x61d9d49235c0;  alias, 1 drivers
    .scope S_0x61d9d49137d0;
T_0 ;
    %pushi/vec4 0, 0, 1;
    %store/vec4 v0x61d9d4923320_0, 0, 1;
    %pushi/vec4 0, 0, 1;
    %store/vec4 v0x61d9d49233f0_0, 0, 1;
    %delay 5, 0;
    %pushi/vec4 0, 0, 1;
    %store/vec4 v0x61d9d4923320_0, 0, 1;
    %pushi/vec4 1, 0, 1;
    %store/vec4 v0x61d9d49233f0_0, 0, 1;
    %delay 5, 0;
    %pushi/vec4 1, 0, 1;
    %store/vec4 v0x61d9d4923320_0, 0, 1;
    %pushi/vec4 0, 0, 1;
    %store/vec4 v0x61d9d49233f0_0, 0, 1;
    %delay 5, 0;
    %pushi/vec4 1, 0, 1;
    %store/vec4 v0x61d9d4923320_0, 0, 1;
    %pushi/vec4 1, 0, 1;
    %store/vec4 v0x61d9d49233f0_0, 0, 1;
    %delay 5, 0;
    %end;
    .thread T_0;
    .scope S_0x61d9d49137d0;
T_1 ;
    %vpi_call 2 30 "$dumpfile", "temp/or_gate.vcd" {0 0 0};
    %vpi_call 2 31 "$dumpvars", 32'sb00000000000000000000000000000000, S_0x61d9d49137d0 {0 0 0};
    %end;
    .thread T_1;
# The file index is used to find the file name in the following table.
:file_names 4;
    "N/A";
    "<interactive>";
    "/home/muhammad/Desktop/GATES/or/tb/or_gate_tb.v";
    "/home/muhammad/Desktop/GATES/or/src/or_gate.v";
