#! /usr/bin/vvp
:ivl_version "11.0 (stable)";
:ivl_delay_selection "TYPICAL";
:vpi_time_precision + 0;
:vpi_module "/usr/lib/x86_64-linux-gnu/ivl/system.vpi";
:vpi_module "/usr/lib/x86_64-linux-gnu/ivl/vhdl_sys.vpi";
:vpi_module "/usr/lib/x86_64-linux-gnu/ivl/vhdl_textio.vpi";
:vpi_module "/usr/lib/x86_64-linux-gnu/ivl/v2005_math.vpi";
:vpi_module "/usr/lib/x86_64-linux-gnu/ivl/va_math.vpi";
S_0x5aa8adcedcf0 .scope module, "alu_tb" "alu_tb" 2 1;
 .timescale 0 0;
v0x5aa8add3fd90_0 .var "a", 3 0;
v0x5aa8add3fe70_0 .var "b", 3 0;
v0x5aa8add3ff10_0 .net "c", 3 0, v0x5aa8add3fb70_0;  1 drivers
v0x5aa8add3ffb0_0 .var "sel", 2 0;
S_0x5aa8adcede80 .scope module, "u_gate" "alu" 2 7, 3 1 0, S_0x5aa8adcedcf0;
 .timescale 0 0;
    .port_info 0 /INPUT 4 "a";
    .port_info 1 /INPUT 4 "b";
    .port_info 2 /INPUT 3 "sel";
    .port_info 3 /OUTPUT 4 "c";
v0x5aa8adcef7b0_0 .net "a", 3 0, v0x5aa8add3fd90_0;  1 drivers
v0x5aa8adcefba0_0 .net "b", 3 0, v0x5aa8add3fe70_0;  1 drivers
v0x5aa8add3fb70_0 .var "c", 3 0;
v0x5aa8add3fc30_0 .net "sel", 2 0, v0x5aa8add3ffb0_0;  1 drivers
E_0x5aa8add29dd0 .event edge, v0x5aa8add3fc30_0, v0x5aa8adcef7b0_0, v0x5aa8adcefba0_0;
    .scope S_0x5aa8adcede80;
T_0 ;
    %wait E_0x5aa8add29dd0;
    %load/vec4 v0x5aa8add3fc30_0;
    %cmpi/e 0, 0, 3;
    %jmp/0xz  T_0.0, 4;
    %load/vec4 v0x5aa8adcef7b0_0;
    %load/vec4 v0x5aa8adcefba0_0;
    %and;
    %store/vec4 v0x5aa8add3fb70_0, 0, 4;
    %jmp T_0.1;
T_0.0 ;
    %load/vec4 v0x5aa8add3fc30_0;
    %cmpi/e 1, 0, 3;
    %jmp/0xz  T_0.2, 4;
    %load/vec4 v0x5aa8adcef7b0_0;
    %load/vec4 v0x5aa8adcefba0_0;
    %and;
    %nor/r;
    %pad/u 4;
    %store/vec4 v0x5aa8add3fb70_0, 0, 4;
    %jmp T_0.3;
T_0.2 ;
    %load/vec4 v0x5aa8add3fc30_0;
    %cmpi/e 2, 0, 3;
    %jmp/0xz  T_0.4, 4;
    %load/vec4 v0x5aa8adcef7b0_0;
    %load/vec4 v0x5aa8adcefba0_0;
    %or;
    %store/vec4 v0x5aa8add3fb70_0, 0, 4;
    %jmp T_0.5;
T_0.4 ;
    %load/vec4 v0x5aa8add3fc30_0;
    %cmpi/e 6, 0, 3;
    %jmp/0xz  T_0.6, 4;
    %load/vec4 v0x5aa8adcef7b0_0;
    %load/vec4 v0x5aa8adcefba0_0;
    %or;
    %nor/r;
    %pad/u 4;
    %store/vec4 v0x5aa8add3fb70_0, 0, 4;
    %jmp T_0.7;
T_0.6 ;
    %load/vec4 v0x5aa8add3fc30_0;
    %cmpi/e 3, 0, 3;
    %jmp/0xz  T_0.8, 4;
    %load/vec4 v0x5aa8adcef7b0_0;
    %load/vec4 v0x5aa8adcefba0_0;
    %xor;
    %store/vec4 v0x5aa8add3fb70_0, 0, 4;
    %jmp T_0.9;
T_0.8 ;
    %load/vec4 v0x5aa8add3fc30_0;
    %cmpi/e 4, 0, 3;
    %jmp/0xz  T_0.10, 4;
    %load/vec4 v0x5aa8adcef7b0_0;
    %load/vec4 v0x5aa8adcefba0_0;
    %xor;
    %nor/r;
    %pad/u 4;
    %store/vec4 v0x5aa8add3fb70_0, 0, 4;
    %jmp T_0.11;
T_0.10 ;
    %load/vec4 v0x5aa8add3fc30_0;
    %cmpi/e 2, 0, 3;
    %jmp/0xz  T_0.12, 4;
    %load/vec4 v0x5aa8adcef7b0_0;
    %load/vec4 v0x5aa8adcefba0_0;
    %add;
    %store/vec4 v0x5aa8add3fb70_0, 0, 4;
    %jmp T_0.13;
T_0.12 ;
    %load/vec4 v0x5aa8add3fc30_0;
    %cmpi/e 1, 0, 3;
    %jmp/0xz  T_0.14, 4;
    %load/vec4 v0x5aa8adcef7b0_0;
    %load/vec4 v0x5aa8adcefba0_0;
    %sub;
    %store/vec4 v0x5aa8add3fb70_0, 0, 4;
    %jmp T_0.15;
T_0.14 ;
    %pushi/vec4 0, 0, 4;
    %store/vec4 v0x5aa8add3fb70_0, 0, 4;
T_0.15 ;
T_0.13 ;
T_0.11 ;
T_0.9 ;
T_0.7 ;
T_0.5 ;
T_0.3 ;
T_0.1 ;
    %jmp T_0;
    .thread T_0, $push;
    .scope S_0x5aa8adcedcf0;
T_1 ;
    %pushi/vec4 0, 0, 4;
    %store/vec4 v0x5aa8add3fd90_0, 0, 4;
    %pushi/vec4 2, 0, 4;
    %store/vec4 v0x5aa8add3fe70_0, 0, 4;
    %pushi/vec4 1, 0, 3;
    %store/vec4 v0x5aa8add3ffb0_0, 0, 3;
    %delay 5, 0;
    %pushi/vec4 1, 0, 4;
    %store/vec4 v0x5aa8add3fd90_0, 0, 4;
    %pushi/vec4 3, 0, 4;
    %store/vec4 v0x5aa8add3fe70_0, 0, 4;
    %pushi/vec4 3, 0, 3;
    %store/vec4 v0x5aa8add3ffb0_0, 0, 3;
    %delay 5, 0;
    %pushi/vec4 4, 0, 4;
    %store/vec4 v0x5aa8add3fd90_0, 0, 4;
    %pushi/vec4 8, 0, 4;
    %store/vec4 v0x5aa8add3fe70_0, 0, 4;
    %pushi/vec4 0, 0, 3;
    %store/vec4 v0x5aa8add3ffb0_0, 0, 3;
    %delay 5, 0;
    %end;
    .thread T_1;
    .scope S_0x5aa8adcedcf0;
T_2 ;
    %vpi_call 2 30 "$dumpfile", "alu.vcd" {0 0 0};
    %vpi_call 2 31 "$dumpvars", 32'sb00000000000000000000000000000000, S_0x5aa8adcedcf0 {0 0 0};
    %end;
    .thread T_2;
# The file index is used to find the file name in the following table.
:file_names 4;
    "N/A";
    "<interactive>";
    "alu_tb.v";
    "alu.v";
