#! /usr/bin/vvp
:ivl_version "11.0 (stable)";
:ivl_delay_selection "TYPICAL";
:vpi_time_precision - 12;
:vpi_module "/usr/lib/x86_64-linux-gnu/ivl/system.vpi";
:vpi_module "/usr/lib/x86_64-linux-gnu/ivl/vhdl_sys.vpi";
:vpi_module "/usr/lib/x86_64-linux-gnu/ivl/vhdl_textio.vpi";
:vpi_module "/usr/lib/x86_64-linux-gnu/ivl/v2005_math.vpi";
:vpi_module "/usr/lib/x86_64-linux-gnu/ivl/va_math.vpi";
S_0x64f4f2513d90 .scope module, "and_gate_tb" "and_gate_tb" 2 2;
 .timescale -9 -12;
v0x64f4f255e3b0_0 .var "a_tb", 0 0;
v0x64f4f255e480_0 .var "b_tb", 0 0;
v0x64f4f255e550_0 .net "c_tb", 0 0, L_0x64f4f255e650;  1 drivers
S_0x64f4f2513f20 .scope module, "u_gate" "and_gate" 2 8, 3 1 0, S_0x64f4f2513d90;
 .timescale -9 -12;
    .port_info 0 /INPUT 1 "a";
    .port_info 1 /INPUT 1 "b";
    .port_info 2 /OUTPUT 1 "c";
L_0x64f4f255e650 .functor AND 1, v0x64f4f255e3b0_0, v0x64f4f255e480_0, C4<1>, C4<1>;
v0x64f4f2515ba0_0 .net "a", 0 0, v0x64f4f255e3b0_0;  1 drivers
v0x64f4f255e1d0_0 .net "b", 0 0, v0x64f4f255e480_0;  1 drivers
v0x64f4f255e290_0 .net "c", 0 0, L_0x64f4f255e650;  alias, 1 drivers
    .scope S_0x64f4f2513d90;
T_0 ;
    %pushi/vec4 0, 0, 1;
    %store/vec4 v0x64f4f255e3b0_0, 0, 1;
    %pushi/vec4 0, 0, 1;
    %store/vec4 v0x64f4f255e480_0, 0, 1;
    %delay 5000, 0;
    %pushi/vec4 0, 0, 1;
    %store/vec4 v0x64f4f255e3b0_0, 0, 1;
    %pushi/vec4 1, 0, 1;
    %store/vec4 v0x64f4f255e480_0, 0, 1;
    %delay 5000, 0;
    %pushi/vec4 1, 0, 1;
    %store/vec4 v0x64f4f255e3b0_0, 0, 1;
    %pushi/vec4 0, 0, 1;
    %store/vec4 v0x64f4f255e480_0, 0, 1;
    %delay 5000, 0;
    %pushi/vec4 1, 0, 1;
    %store/vec4 v0x64f4f255e3b0_0, 0, 1;
    %pushi/vec4 1, 0, 1;
    %store/vec4 v0x64f4f255e480_0, 0, 1;
    %delay 5000, 0;
    %end;
    .thread T_0;
    .scope S_0x64f4f2513d90;
T_1 ;
    %vpi_call 2 30 "$dumpfile", "temp/and_gate.vcd" {0 0 0};
    %vpi_call 2 31 "$dumpvars", 32'sb00000000000000000000000000000000, S_0x64f4f2513d90 {0 0 0};
    %end;
    .thread T_1;
# The file index is used to find the file name in the following table.
:file_names 4;
    "N/A";
    "<interactive>";
    "/home/muhammad/Desktop/verilog/GATES/and/tb/and_gate_tb.v";
    "/home/muhammad/Desktop/verilog/GATES/and/src/and_gate.v";
