#! /usr/bin/vvp
:ivl_version "11.0 (stable)";
:ivl_delay_selection "TYPICAL";
:vpi_time_precision - 12;
:vpi_module "/usr/lib/x86_64-linux-gnu/ivl/system.vpi";
:vpi_module "/usr/lib/x86_64-linux-gnu/ivl/vhdl_sys.vpi";
:vpi_module "/usr/lib/x86_64-linux-gnu/ivl/vhdl_textio.vpi";
:vpi_module "/usr/lib/x86_64-linux-gnu/ivl/v2005_math.vpi";
:vpi_module "/usr/lib/x86_64-linux-gnu/ivl/va_math.vpi";
S_0x6540cdde9d90 .scope module, "AND_GATE_tb" "AND_GATE_tb" 2 2;
 .timescale -9 -12;
v0x6540cde35050_0 .var "a_tb", 2 0;
v0x6540cde35140_0 .var "b_tb", 2 0;
v0x6540cde35210_0 .net "c_tb", 2 0, L_0x6540cde35310;  1 drivers
S_0x6540cdde9f20 .scope module, "u_gate" "AND_GATE" 2 8, 3 1 0, S_0x6540cdde9d90;
 .timescale -9 -12;
    .port_info 0 /INPUT 3 "a";
    .port_info 1 /INPUT 3 "b";
    .port_info 2 /OUTPUT 3 "c";
L_0x6540cde35310 .functor AND 3, v0x6540cde35050_0, v0x6540cde35140_0, C4<111>, C4<111>;
v0x6540cddebba0_0 .net "a", 2 0, v0x6540cde35050_0;  1 drivers
v0x6540cde34e30_0 .net "b", 2 0, v0x6540cde35140_0;  1 drivers
v0x6540cde34f10_0 .net "c", 2 0, L_0x6540cde35310;  alias, 1 drivers
    .scope S_0x6540cdde9d90;
T_0 ;
    %pushi/vec4 0, 0, 3;
    %store/vec4 v0x6540cde35050_0, 0, 3;
    %pushi/vec4 0, 0, 3;
    %store/vec4 v0x6540cde35140_0, 0, 3;
    %delay 5000, 0;
    %pushi/vec4 2, 0, 3;
    %store/vec4 v0x6540cde35050_0, 0, 3;
    %pushi/vec4 1, 0, 3;
    %store/vec4 v0x6540cde35140_0, 0, 3;
    %delay 5000, 0;
    %pushi/vec4 4, 0, 3;
    %store/vec4 v0x6540cde35050_0, 0, 3;
    %pushi/vec4 3, 0, 3;
    %store/vec4 v0x6540cde35140_0, 0, 3;
    %delay 5000, 0;
    %pushi/vec4 6, 0, 3;
    %store/vec4 v0x6540cde35050_0, 0, 3;
    %pushi/vec4 5, 0, 3;
    %store/vec4 v0x6540cde35140_0, 0, 3;
    %delay 5000, 0;
    %end;
    .thread T_0;
    .scope S_0x6540cdde9d90;
T_1 ;
    %vpi_call 2 29 "$dumpfile", "temp/AND_GATE.vcd" {0 0 0};
    %vpi_call 2 30 "$dumpvars", 32'sb00000000000000000000000000000000, S_0x6540cdde9d90 {0 0 0};
    %end;
    .thread T_1;
# The file index is used to find the file name in the following table.
:file_names 4;
    "N/A";
    "<interactive>";
    "/home/muhammad/Desktop/GATES/AND/tb/AND_GATE_tb.v";
    "/home/muhammad/Desktop/GATES/AND/src/AND_GATE.v";
