#! /usr/bin/vvp
:ivl_version "11.0 (stable)";
:ivl_delay_selection "TYPICAL";
:vpi_time_precision + 0;
:vpi_module "/usr/lib/x86_64-linux-gnu/ivl/system.vpi";
:vpi_module "/usr/lib/x86_64-linux-gnu/ivl/vhdl_sys.vpi";
:vpi_module "/usr/lib/x86_64-linux-gnu/ivl/vhdl_textio.vpi";
:vpi_module "/usr/lib/x86_64-linux-gnu/ivl/v2005_math.vpi";
:vpi_module "/usr/lib/x86_64-linux-gnu/ivl/va_math.vpi";
S_0x64327722e650 .scope module, "WriteBack" "WriteBack" 2 1;
 .timescale 0 0;
    .port_info 0 /INPUT 32 "A";
    .port_info 1 /INPUT 32 "B";
    .port_info 2 /INPUT 32 "C";
    .port_info 3 /INPUT 2 "writeback_sel";
    .port_info 4 /OUTPUT 32 "write_data";
o0x7d3a6d8b8018 .functor BUFZ 32, C4<zzzzzzzzzzzzzzzzzzzzzzzzzzzzzzzz>; HiZ drive
v0x64327727a7b0_0 .net "A", 31 0, o0x7d3a6d8b8018;  0 drivers
o0x7d3a6d8b8048 .functor BUFZ 32, C4<zzzzzzzzzzzzzzzzzzzzzzzzzzzzzzzz>; HiZ drive
v0x64327729a540_0 .net "B", 31 0, o0x7d3a6d8b8048;  0 drivers
o0x7d3a6d8b8078 .functor BUFZ 32, C4<zzzzzzzzzzzzzzzzzzzzzzzzzzzzzzzz>; HiZ drive
v0x64327729a620_0 .net "C", 31 0, o0x7d3a6d8b8078;  0 drivers
v0x64327729a6e0_0 .var "write_data", 31 0;
o0x7d3a6d8b80d8 .functor BUFZ 2, C4<zz>; HiZ drive
v0x64327729a7c0_0 .net "writeback_sel", 1 0, o0x7d3a6d8b80d8;  0 drivers
E_0x64327723f220 .event edge, v0x64327729a7c0_0, v0x64327727a7b0_0, v0x64327729a540_0, v0x64327729a620_0;
S_0x643277279750 .scope module, "instruction_mem" "instruction_mem" 3 1;
 .timescale 0 0;
    .port_info 0 /INPUT 32 "A";
    .port_info 1 /INPUT 1 "reset";
    .port_info 2 /OUTPUT 32 "rd";
o0x7d3a6d8b83a8 .functor BUFZ 1, C4<z>; HiZ drive
L_0x7d3a6d86f018 .functor BUFT 1, C4<0>, C4<0>, C4<0>, C4<0>;
L_0x6432772a3c50 .functor XNOR 1, o0x7d3a6d8b83a8, L_0x7d3a6d86f018, C4<0>, C4<0>;
o0x7d3a6d8b81f8 .functor BUFZ 32, C4<zzzzzzzzzzzzzzzzzzzzzzzzzzzzzzzz>; HiZ drive
v0x64327729a940_0 .net "A", 31 0, o0x7d3a6d8b81f8;  0 drivers
v0x64327729aa40_0 .net/2u *"_ivl_0", 0 0, L_0x7d3a6d86f018;  1 drivers
v0x64327729ab20_0 .net *"_ivl_10", 6 0, L_0x6432772b3f60;  1 drivers
L_0x7d3a6d86f0a8 .functor BUFT 1, C4<00>, C4<0>, C4<0>, C4<0>;
v0x64327729abe0_0 .net *"_ivl_13", 1 0, L_0x7d3a6d86f0a8;  1 drivers
v0x64327729acc0_0 .net *"_ivl_2", 0 0, L_0x6432772a3c50;  1 drivers
L_0x7d3a6d86f060 .functor BUFT 1, C4<00000000000000000000000000000000>, C4<0>, C4<0>, C4<0>;
v0x64327729add0_0 .net/2u *"_ivl_4", 31 0, L_0x7d3a6d86f060;  1 drivers
v0x64327729aeb0_0 .net *"_ivl_6", 31 0, L_0x6432772b3d60;  1 drivers
v0x64327729af90_0 .net *"_ivl_9", 4 0, L_0x6432772b3e60;  1 drivers
v0x64327729b070 .array "mem", 31 0, 31 0;
v0x64327729b130_0 .net "rd", 31 0, L_0x6432772b40f0;  1 drivers
v0x64327729b210_0 .net "reset", 0 0, o0x7d3a6d8b83a8;  0 drivers
L_0x6432772b3d60 .array/port v0x64327729b070, L_0x6432772b3f60;
L_0x6432772b3e60 .part o0x7d3a6d8b81f8, 0, 5;
L_0x6432772b3f60 .concat [ 5 2 0 0], L_0x6432772b3e60, L_0x7d3a6d86f0a8;
L_0x6432772b40f0 .functor MUXZ 32, L_0x6432772b3d60, L_0x7d3a6d86f060, L_0x6432772a3c50, C4<>;
S_0x6432772789c0 .scope module, "main_tb" "main_tb" 4 1;
 .timescale 0 0;
v0x6432772a3ac0_0 .var "clk", 0 0;
v0x6432772a3b60_0 .var "reset", 0 0;
S_0x64327729b350 .scope module, "u_processor" "processor" 4 5, 5 1 0, S_0x6432772789c0;
 .timescale 0 0;
    .port_info 0 /INPUT 1 "clk";
    .port_info 1 /INPUT 1 "reset";
v0x6432772a23f0_0 .net *"_ivl_18", 31 0, L_0x6432772b7be0;  1 drivers
L_0x7d3a6d86f9a8 .functor BUFT 1, C4<00000000000000000000000000000100>, C4<0>, C4<0>, C4<0>;
v0x6432772a24f0_0 .net/2u *"_ivl_20", 31 0, L_0x7d3a6d86f9a8;  1 drivers
v0x6432772a25d0_0 .net *"_ivl_22", 31 0, L_0x6432772b7d50;  1 drivers
v0x6432772a26c0_0 .net "alu_control", 2 0, v0x64327729cad0_0;  1 drivers
v0x6432772a2780_0 .net "alu_op", 1 0, L_0x6432772b6ca0;  1 drivers
v0x6432772a28e0_0 .net "alu_result", 31 0, v0x64327729b9e0_0;  1 drivers
v0x6432772a29f0_0 .net "alu_src", 0 0, L_0x6432772b55a0;  1 drivers
v0x6432772a2a90_0 .net "clk", 0 0, v0x6432772a3ac0_0;  1 drivers
v0x6432772a2b30_0 .net "funct3", 2 0, L_0x6432772b4980;  1 drivers
v0x6432772a2bd0_0 .net "funct7", 6 0, L_0x6432772b4d60;  1 drivers
v0x6432772a2c90_0 .net "imm_src", 1 0, L_0x6432772b6670;  1 drivers
v0x6432772a2d50_0 .net "immediate", 31 0, v0x6432772a0f50_0;  1 drivers
v0x6432772a2e10_0 .net "instruction", 31 0, L_0x6432772b46a0;  1 drivers
v0x6432772a2f00_0 .net "mem_out", 31 0, L_0x6432772b7880;  1 drivers
v0x6432772a2fc0_0 .net "mem_write", 0 0, L_0x6432772b58b0;  1 drivers
v0x6432772a30b0_0 .net "op", 6 0, L_0x6432772b4760;  1 drivers
v0x6432772a3150_0 .net "pc", 31 0, v0x64327729c6e0_0;  1 drivers
v0x6432772a31f0_0 .net "pc_next", 31 0, L_0x6432772b7df0;  1 drivers
v0x6432772a3290_0 .net "pc_src", 0 0, L_0x6432772b6120;  1 drivers
v0x6432772a3380_0 .net "rd", 4 0, L_0x6432772b48e0;  1 drivers
v0x6432772a3420_0 .net "read1", 31 0, L_0x6432772b7020;  1 drivers
v0x6432772a3510_0 .net "read2", 31 0, L_0x6432772b72c0;  1 drivers
v0x6432772a3620_0 .net "reg_write", 0 0, L_0x6432772b5020;  1 drivers
v0x6432772a3710_0 .net "reset", 0 0, v0x6432772a3b60_0;  1 drivers
v0x6432772a3800_0 .net "result_src", 0 0, L_0x6432772b5da0;  1 drivers
v0x6432772a38a0_0 .net "rs1", 4 0, L_0x6432772b4a70;  1 drivers
v0x6432772a3940_0 .net "rs2", 4 0, L_0x6432772b4b60;  1 drivers
v0x6432772a39e0_0 .net "write_data", 31 0, L_0x6432772b7a60;  1 drivers
L_0x6432772b4760 .part L_0x6432772b46a0, 0, 7;
L_0x6432772b48e0 .part L_0x6432772b46a0, 7, 5;
L_0x6432772b4980 .part L_0x6432772b46a0, 12, 3;
L_0x6432772b4a70 .part L_0x6432772b46a0, 15, 5;
L_0x6432772b4b60 .part L_0x6432772b46a0, 20, 5;
L_0x6432772b4d60 .part L_0x6432772b46a0, 25, 7;
L_0x6432772b7380 .part L_0x6432772b4d60, 5, 1;
L_0x6432772b7470 .functor MUXZ 32, L_0x6432772b72c0, v0x6432772a0f50_0, L_0x6432772b55a0, C4<>;
L_0x6432772b7a60 .functor MUXZ 32, v0x64327729b9e0_0, L_0x6432772b7880, L_0x6432772b5da0, C4<>;
L_0x6432772b7be0 .arith/sum 32, v0x64327729c6e0_0, v0x6432772a0f50_0;
L_0x6432772b7d50 .arith/sum 32, v0x64327729c6e0_0, L_0x7d3a6d86f9a8;
L_0x6432772b7df0 .functor MUXZ 32, L_0x6432772b7d50, L_0x6432772b7be0, L_0x6432772b6120, C4<>;
S_0x64327729b500 .scope module, "u_ALU" "ALU" 5 80, 6 1 0, S_0x64327729b350;
 .timescale 0 0;
    .port_info 0 /INPUT 32 "A";
    .port_info 1 /INPUT 32 "B";
    .port_info 2 /INPUT 3 "control_signal";
    .port_info 3 /OUTPUT 32 "result";
v0x64327729b740_0 .net "A", 31 0, L_0x6432772b7020;  alias, 1 drivers
v0x64327729b840_0 .net "B", 31 0, L_0x6432772b7470;  1 drivers
v0x64327729b920_0 .net "control_signal", 2 0, v0x64327729cad0_0;  alias, 1 drivers
v0x64327729b9e0_0 .var "result", 31 0;
E_0x643277227c30 .event edge, v0x64327729b920_0, v0x64327729b740_0, v0x64327729b840_0;
S_0x64327729bb40 .scope module, "u_PC" "PC" 5 20, 7 1 0, S_0x64327729b350;
 .timescale 0 0;
    .port_info 0 /INPUT 1 "clk";
    .port_info 1 /INPUT 1 "reset";
    .port_info 2 /INPUT 32 "pc_next";
    .port_info 3 /OUTPUT 32 "instr";
    .port_info 4 /OUTPUT 32 "programCounter";
L_0x6432772b46a0 .functor BUFZ 32, L_0x6432772b4320, C4<00000000000000000000000000000000>, C4<00000000000000000000000000000000>, C4<00000000000000000000000000000000>;
v0x64327729bd80_0 .net *"_ivl_2", 31 0, L_0x6432772b4320;  1 drivers
v0x64327729be80_0 .net *"_ivl_5", 4 0, L_0x6432772b43f0;  1 drivers
v0x64327729bf60_0 .net *"_ivl_6", 6 0, L_0x6432772b4510;  1 drivers
L_0x7d3a6d86f0f0 .functor BUFT 1, C4<00>, C4<0>, C4<0>, C4<0>;
v0x64327729c020_0 .net *"_ivl_9", 1 0, L_0x7d3a6d86f0f0;  1 drivers
v0x64327729c100_0 .net "clk", 0 0, v0x6432772a3ac0_0;  alias, 1 drivers
v0x64327729c210_0 .net "instr", 31 0, L_0x6432772b46a0;  alias, 1 drivers
v0x64327729c2f0 .array "mem", 31 0, 31 0;
v0x64327729c3b0_0 .net "pc", 31 0, v0x64327729c600_0;  1 drivers
v0x64327729c490_0 .net "pc_next", 31 0, L_0x6432772b7df0;  alias, 1 drivers
v0x64327729c600_0 .var "pc_reg", 31 0;
v0x64327729c6e0_0 .var "programCounter", 31 0;
v0x64327729c7c0_0 .net "reset", 0 0, v0x6432772a3b60_0;  alias, 1 drivers
E_0x643277227af0 .event edge, v0x64327729c3b0_0;
E_0x643277281d00 .event posedge, v0x64327729c7c0_0, v0x64327729c100_0;
L_0x6432772b4320 .array/port v0x64327729c2f0, L_0x6432772b4510;
L_0x6432772b43f0 .part v0x64327729c600_0, 2, 5;
L_0x6432772b4510 .concat [ 5 2 0 0], L_0x6432772b43f0, L_0x7d3a6d86f0f0;
S_0x64327729c920 .scope module, "u_alu_decoder" "alu_decoder" 5 72, 8 41 0, S_0x64327729b350;
 .timescale 0 0;
    .port_info 0 /INPUT 2 "aluop";
    .port_info 1 /INPUT 3 "funct3";
    .port_info 2 /INPUT 1 "funct7";
    .port_info 3 /OUTPUT 3 "alu_control";
v0x64327729cad0_0 .var "alu_control", 2 0;
v0x64327729cbb0_0 .net "aluop", 1 0, L_0x6432772b6ca0;  alias, 1 drivers
v0x64327729cc70_0 .net "funct3", 2 0, L_0x6432772b4980;  alias, 1 drivers
v0x64327729cd30_0 .net "funct7", 0 0, L_0x6432772b7380;  1 drivers
E_0x6432772815e0 .event edge, v0x64327729cbb0_0, v0x64327729cc70_0, v0x64327729cd30_0;
S_0x64327729cea0 .scope module, "u_data_mem" "data_mem" 5 88, 9 1 0, S_0x64327729b350;
 .timescale 0 0;
    .port_info 0 /INPUT 1 "clk";
    .port_info 1 /INPUT 1 "write_enable";
    .port_info 2 /INPUT 32 "A";
    .port_info 3 /INPUT 32 "write_data";
    .port_info 4 /OUTPUT 32 "rd";
L_0x7d3a6d86f918 .functor BUFT 1, C4<0>, C4<0>, C4<0>, C4<0>;
L_0x6432772b7770 .functor XNOR 1, L_0x6432772b58b0, L_0x7d3a6d86f918, C4<0>, C4<0>;
v0x64327729d100_0 .net "A", 31 0, v0x64327729b9e0_0;  alias, 1 drivers
v0x64327729d210_0 .net/2u *"_ivl_0", 0 0, L_0x7d3a6d86f918;  1 drivers
v0x64327729d2d0_0 .net *"_ivl_2", 0 0, L_0x6432772b7770;  1 drivers
v0x64327729d3a0_0 .net *"_ivl_4", 31 0, L_0x6432772b77e0;  1 drivers
L_0x7d3a6d86f960 .functor BUFT 1, C4<00000000000000000000000000000000>, C4<0>, C4<0>, C4<0>;
v0x64327729d480_0 .net/2u *"_ivl_6", 31 0, L_0x7d3a6d86f960;  1 drivers
v0x64327729d5b0_0 .net "clk", 0 0, v0x6432772a3ac0_0;  alias, 1 drivers
v0x64327729d650 .array "data_mem", 0 1023, 31 0;
v0x64327729d6f0_0 .net "rd", 31 0, L_0x6432772b7880;  alias, 1 drivers
v0x64327729d7d0_0 .net "write_data", 31 0, L_0x6432772b72c0;  alias, 1 drivers
v0x64327729d940_0 .net "write_enable", 0 0, L_0x6432772b58b0;  alias, 1 drivers
E_0x64327729d080 .event posedge, v0x64327729c100_0;
L_0x6432772b77e0 .array/port v0x64327729d650, v0x64327729b9e0_0;
L_0x6432772b7880 .functor MUXZ 32, L_0x7d3a6d86f960, L_0x6432772b77e0, L_0x6432772b7770, C4<>;
S_0x64327729dad0 .scope module, "u_decoder" "decoder" 5 39, 10 1 0, S_0x64327729b350;
 .timescale 0 0;
    .port_info 0 /INPUT 1 "zero";
    .port_info 1 /INPUT 7 "op";
    .port_info 2 /OUTPUT 1 "reg_write";
    .port_info 3 /OUTPUT 1 "mem_write";
    .port_info 4 /OUTPUT 1 "result_src";
    .port_info 5 /OUTPUT 1 "alu_src";
    .port_info 6 /OUTPUT 1 "pc_src";
    .port_info 7 /OUTPUT 2 "alu_op";
    .port_info 8 /OUTPUT 2 "imm_src";
L_0x6432772b5020 .functor OR 1, L_0x6432772b4e90, L_0x6432772b4f80, C4<0>, C4<0>;
L_0x6432772b5490 .functor OR 1, L_0x6432772b5220, L_0x6432772b53f0, C4<0>, C4<0>;
L_0x6432772b6120 .functor AND 1, L_0x6432772b6120, L_0x6432772b6080, C4<1>, C4<1>;
L_0x7d3a6d86f138 .functor BUFT 1, C4<0000011>, C4<0>, C4<0>, C4<0>;
v0x64327729dde0_0 .net/2u *"_ivl_0", 6 0, L_0x7d3a6d86f138;  1 drivers
v0x64327729dee0_0 .net *"_ivl_10", 31 0, L_0x6432772b5130;  1 drivers
L_0x7d3a6d86f1c8 .functor BUFT 1, C4<0000000000000000000000000>, C4<0>, C4<0>, C4<0>;
v0x64327729dfc0_0 .net *"_ivl_13", 24 0, L_0x7d3a6d86f1c8;  1 drivers
L_0x7d3a6d86f210 .functor BUFT 1, C4<00000000000000000000000000000011>, C4<0>, C4<0>, C4<0>;
v0x64327729e080_0 .net/2u *"_ivl_14", 31 0, L_0x7d3a6d86f210;  1 drivers
v0x64327729e160_0 .net *"_ivl_16", 0 0, L_0x6432772b5220;  1 drivers
L_0x7d3a6d86f258 .functor BUFT 1, C4<0100011>, C4<0>, C4<0>, C4<0>;
v0x64327729e270_0 .net/2u *"_ivl_18", 6 0, L_0x7d3a6d86f258;  1 drivers
v0x64327729e350_0 .net *"_ivl_2", 0 0, L_0x6432772b4e90;  1 drivers
v0x64327729e410_0 .net *"_ivl_20", 0 0, L_0x6432772b53f0;  1 drivers
v0x64327729e4d0_0 .net *"_ivl_22", 0 0, L_0x6432772b5490;  1 drivers
L_0x7d3a6d86f2a0 .functor BUFT 1, C4<0>, C4<0>, C4<0>, C4<0>;
v0x64327729e640_0 .net/2u *"_ivl_24", 0 0, L_0x7d3a6d86f2a0;  1 drivers
L_0x7d3a6d86f2e8 .functor BUFT 1, C4<1>, C4<0>, C4<0>, C4<0>;
v0x64327729e720_0 .net/2u *"_ivl_26", 0 0, L_0x7d3a6d86f2e8;  1 drivers
L_0x7d3a6d86f330 .functor BUFT 1, C4<0100011>, C4<0>, C4<0>, C4<0>;
v0x64327729e800_0 .net/2u *"_ivl_30", 6 0, L_0x7d3a6d86f330;  1 drivers
v0x64327729e8e0_0 .net *"_ivl_32", 0 0, L_0x6432772b57c0;  1 drivers
L_0x7d3a6d86f378 .functor BUFT 1, C4<1>, C4<0>, C4<0>, C4<0>;
v0x64327729e9a0_0 .net/2u *"_ivl_34", 0 0, L_0x7d3a6d86f378;  1 drivers
L_0x7d3a6d86f3c0 .functor BUFT 1, C4<0>, C4<0>, C4<0>, C4<0>;
v0x64327729ea80_0 .net/2u *"_ivl_36", 0 0, L_0x7d3a6d86f3c0;  1 drivers
L_0x7d3a6d86f180 .functor BUFT 1, C4<0110011>, C4<0>, C4<0>, C4<0>;
v0x64327729eb60_0 .net/2u *"_ivl_4", 6 0, L_0x7d3a6d86f180;  1 drivers
L_0x7d3a6d86f408 .functor BUFT 1, C4<0000011>, C4<0>, C4<0>, C4<0>;
v0x64327729ec40_0 .net/2u *"_ivl_40", 6 0, L_0x7d3a6d86f408;  1 drivers
v0x64327729ed20_0 .net *"_ivl_42", 0 0, L_0x6432772b5a90;  1 drivers
L_0x7d3a6d86f450 .functor BUFT 1, C4<1>, C4<0>, C4<0>, C4<0>;
v0x64327729ede0_0 .net/2u *"_ivl_44", 0 0, L_0x7d3a6d86f450;  1 drivers
L_0x7d3a6d86f498 .functor BUFT 1, C4<0>, C4<0>, C4<0>, C4<0>;
v0x64327729eec0_0 .net/2u *"_ivl_46", 0 0, L_0x7d3a6d86f498;  1 drivers
L_0x7d3a6d86f4e0 .functor BUFT 1, C4<1100011>, C4<0>, C4<0>, C4<0>;
v0x64327729efa0_0 .net/2u *"_ivl_50", 6 0, L_0x7d3a6d86f4e0;  1 drivers
v0x64327729f080_0 .net *"_ivl_52", 0 0, L_0x6432772b5f90;  1 drivers
L_0x7d3a6d86f528 .functor BUFT 1, C4<1>, C4<0>, C4<0>, C4<0>;
v0x64327729f140_0 .net/2u *"_ivl_54", 0 0, L_0x7d3a6d86f528;  1 drivers
L_0x7d3a6d86f570 .functor BUFT 1, C4<0>, C4<0>, C4<0>, C4<0>;
v0x64327729f220_0 .net/2u *"_ivl_56", 0 0, L_0x7d3a6d86f570;  1 drivers
v0x64327729f300_0 .net *"_ivl_6", 0 0, L_0x6432772b4f80;  1 drivers
L_0x7d3a6d86f5b8 .functor BUFT 1, C4<0100011>, C4<0>, C4<0>, C4<0>;
v0x64327729f3c0_0 .net/2u *"_ivl_60", 6 0, L_0x7d3a6d86f5b8;  1 drivers
v0x64327729f4a0_0 .net *"_ivl_62", 0 0, L_0x6432772b6280;  1 drivers
L_0x7d3a6d86f600 .functor BUFT 1, C4<01>, C4<0>, C4<0>, C4<0>;
v0x64327729f560_0 .net/2u *"_ivl_64", 1 0, L_0x7d3a6d86f600;  1 drivers
L_0x7d3a6d86f648 .functor BUFT 1, C4<1100011>, C4<0>, C4<0>, C4<0>;
v0x64327729f640_0 .net/2u *"_ivl_66", 6 0, L_0x7d3a6d86f648;  1 drivers
v0x64327729f720_0 .net *"_ivl_68", 0 0, L_0x6432772b6370;  1 drivers
L_0x7d3a6d86f690 .functor BUFT 1, C4<10>, C4<0>, C4<0>, C4<0>;
v0x64327729f7e0_0 .net/2u *"_ivl_70", 1 0, L_0x7d3a6d86f690;  1 drivers
L_0x7d3a6d86f6d8 .functor BUFT 1, C4<00>, C4<0>, C4<0>, C4<0>;
v0x64327729f8c0_0 .net/2u *"_ivl_72", 1 0, L_0x7d3a6d86f6d8;  1 drivers
v0x64327729f9a0_0 .net *"_ivl_74", 1 0, L_0x6432772b64e0;  1 drivers
L_0x7d3a6d86f720 .functor BUFT 1, C4<0100011>, C4<0>, C4<0>, C4<0>;
v0x64327729fc90_0 .net/2u *"_ivl_78", 6 0, L_0x7d3a6d86f720;  1 drivers
v0x64327729fd70_0 .net *"_ivl_80", 0 0, L_0x6432772b6890;  1 drivers
L_0x7d3a6d86f768 .functor BUFT 1, C4<10>, C4<0>, C4<0>, C4<0>;
v0x64327729fe30_0 .net/2u *"_ivl_82", 1 0, L_0x7d3a6d86f768;  1 drivers
L_0x7d3a6d86f7b0 .functor BUFT 1, C4<1100011>, C4<0>, C4<0>, C4<0>;
v0x64327729ff10_0 .net/2u *"_ivl_84", 6 0, L_0x7d3a6d86f7b0;  1 drivers
v0x64327729fff0_0 .net *"_ivl_86", 0 0, L_0x6432772b6980;  1 drivers
L_0x7d3a6d86f7f8 .functor BUFT 1, C4<01>, C4<0>, C4<0>, C4<0>;
v0x6432772a00b0_0 .net/2u *"_ivl_88", 1 0, L_0x7d3a6d86f7f8;  1 drivers
L_0x7d3a6d86f840 .functor BUFT 1, C4<00>, C4<0>, C4<0>, C4<0>;
v0x6432772a0190_0 .net/2u *"_ivl_90", 1 0, L_0x7d3a6d86f840;  1 drivers
v0x6432772a0270_0 .net *"_ivl_92", 1 0, L_0x6432772b6b10;  1 drivers
v0x6432772a0350_0 .net "alu_op", 1 0, L_0x6432772b6ca0;  alias, 1 drivers
v0x6432772a0410_0 .net "alu_src", 0 0, L_0x6432772b55a0;  alias, 1 drivers
v0x6432772a04b0_0 .net "branch", 0 0, L_0x6432772b6080;  1 drivers
v0x6432772a0570_0 .net "imm_src", 1 0, L_0x6432772b6670;  alias, 1 drivers
v0x6432772a0650_0 .net "mem_write", 0 0, L_0x6432772b58b0;  alias, 1 drivers
v0x6432772a06f0_0 .net "op", 6 0, L_0x6432772b4760;  alias, 1 drivers
v0x6432772a07b0_0 .net "pc_src", 0 0, L_0x6432772b6120;  alias, 1 drivers
v0x6432772a0870_0 .net "reg_write", 0 0, L_0x6432772b5020;  alias, 1 drivers
v0x6432772a0930_0 .net "result_src", 0 0, L_0x6432772b5da0;  alias, 1 drivers
v0x6432772a09f0_0 .net "zero", 0 0, L_0x6432772b6120;  alias, 1 drivers
L_0x6432772b4e90 .cmp/eq 7, L_0x6432772b4760, L_0x7d3a6d86f138;
L_0x6432772b4f80 .cmp/eq 7, L_0x6432772b4760, L_0x7d3a6d86f180;
L_0x6432772b5130 .concat [ 7 25 0 0], L_0x6432772b4760, L_0x7d3a6d86f1c8;
L_0x6432772b5220 .cmp/eq 32, L_0x6432772b5130, L_0x7d3a6d86f210;
L_0x6432772b53f0 .cmp/eq 7, L_0x6432772b4760, L_0x7d3a6d86f258;
L_0x6432772b55a0 .functor MUXZ 1, L_0x7d3a6d86f2e8, L_0x7d3a6d86f2a0, L_0x6432772b5490, C4<>;
L_0x6432772b57c0 .cmp/eq 7, L_0x6432772b4760, L_0x7d3a6d86f330;
L_0x6432772b58b0 .functor MUXZ 1, L_0x7d3a6d86f3c0, L_0x7d3a6d86f378, L_0x6432772b57c0, C4<>;
L_0x6432772b5a90 .cmp/eq 7, L_0x6432772b4760, L_0x7d3a6d86f408;
L_0x6432772b5da0 .functor MUXZ 1, L_0x7d3a6d86f498, L_0x7d3a6d86f450, L_0x6432772b5a90, C4<>;
L_0x6432772b5f90 .cmp/eq 7, L_0x6432772b4760, L_0x7d3a6d86f4e0;
L_0x6432772b6080 .functor MUXZ 1, L_0x7d3a6d86f570, L_0x7d3a6d86f528, L_0x6432772b5f90, C4<>;
L_0x6432772b6280 .cmp/eq 7, L_0x6432772b4760, L_0x7d3a6d86f5b8;
L_0x6432772b6370 .cmp/eq 7, L_0x6432772b4760, L_0x7d3a6d86f648;
L_0x6432772b64e0 .functor MUXZ 2, L_0x7d3a6d86f6d8, L_0x7d3a6d86f690, L_0x6432772b6370, C4<>;
L_0x6432772b6670 .functor MUXZ 2, L_0x6432772b64e0, L_0x7d3a6d86f600, L_0x6432772b6280, C4<>;
L_0x6432772b6890 .cmp/eq 7, L_0x6432772b4760, L_0x7d3a6d86f720;
L_0x6432772b6980 .cmp/eq 7, L_0x6432772b4760, L_0x7d3a6d86f7b0;
L_0x6432772b6b10 .functor MUXZ 2, L_0x7d3a6d86f840, L_0x7d3a6d86f7f8, L_0x6432772b6980, C4<>;
L_0x6432772b6ca0 .functor MUXZ 2, L_0x6432772b6b10, L_0x7d3a6d86f768, L_0x6432772b6890, C4<>;
S_0x6432772a0bc0 .scope module, "u_immediate_gen" "immediate_gen" 5 52, 11 1 0, S_0x64327729b350;
 .timescale 0 0;
    .port_info 0 /INPUT 32 "instruction";
    .port_info 1 /INPUT 2 "imm_src";
    .port_info 2 /OUTPUT 32 "immediate";
v0x6432772a0e40_0 .net "imm_src", 1 0, L_0x6432772b6670;  alias, 1 drivers
v0x6432772a0f50_0 .var "immediate", 31 0;
v0x6432772a1010_0 .net "instruction", 31 0, L_0x6432772b46a0;  alias, 1 drivers
E_0x6432772a0dc0 .event edge, v0x6432772a0570_0, v0x64327729c210_0;
S_0x6432772a1170 .scope module, "u_register_file" "register_file" 5 59, 12 1 0, S_0x64327729b350;
 .timescale 0 0;
    .port_info 0 /INPUT 1 "clk";
    .port_info 1 /INPUT 1 "reset";
    .port_info 2 /INPUT 5 "rs1";
    .port_info 3 /INPUT 5 "rs2";
    .port_info 4 /INPUT 5 "rd";
    .port_info 5 /INPUT 32 "write";
    .port_info 6 /INPUT 1 "reg_write";
    .port_info 7 /OUTPUT 32 "read1";
    .port_info 8 /OUTPUT 32 "read2";
L_0x6432772b7020 .functor BUFZ 32, L_0x6432772b6a70, C4<00000000000000000000000000000000>, C4<00000000000000000000000000000000>, C4<00000000000000000000000000000000>;
L_0x6432772b72c0 .functor BUFZ 32, L_0x6432772b70e0, C4<00000000000000000000000000000000>, C4<00000000000000000000000000000000>, C4<00000000000000000000000000000000>;
v0x6432772a1480_0 .net *"_ivl_0", 31 0, L_0x6432772b6a70;  1 drivers
v0x6432772a1560_0 .net *"_ivl_10", 6 0, L_0x6432772b7180;  1 drivers
L_0x7d3a6d86f8d0 .functor BUFT 1, C4<00>, C4<0>, C4<0>, C4<0>;
v0x6432772a1640_0 .net *"_ivl_13", 1 0, L_0x7d3a6d86f8d0;  1 drivers
v0x6432772a1730_0 .net *"_ivl_2", 6 0, L_0x6432772b6ee0;  1 drivers
L_0x7d3a6d86f888 .functor BUFT 1, C4<00>, C4<0>, C4<0>, C4<0>;
v0x6432772a1810_0 .net *"_ivl_5", 1 0, L_0x7d3a6d86f888;  1 drivers
v0x6432772a1940_0 .net *"_ivl_8", 31 0, L_0x6432772b70e0;  1 drivers
v0x6432772a1a20_0 .net "clk", 0 0, v0x6432772a3ac0_0;  alias, 1 drivers
v0x6432772a1b10_0 .var/i "i", 31 0;
v0x6432772a1bf0_0 .net "rd", 4 0, L_0x6432772b48e0;  alias, 1 drivers
v0x6432772a1cd0_0 .net "read1", 31 0, L_0x6432772b7020;  alias, 1 drivers
v0x6432772a1d90_0 .net "read2", 31 0, L_0x6432772b72c0;  alias, 1 drivers
v0x6432772a1e30_0 .net "reg_write", 0 0, L_0x6432772b5020;  alias, 1 drivers
v0x6432772a1f00 .array "register", 31 0, 31 0;
v0x6432772a1fa0_0 .net "reset", 0 0, v0x6432772a3b60_0;  alias, 1 drivers
v0x6432772a2070_0 .net "rs1", 4 0, L_0x6432772b4a70;  alias, 1 drivers
v0x6432772a2110_0 .net "rs2", 4 0, L_0x6432772b4b60;  alias, 1 drivers
v0x6432772a21f0_0 .net "write", 31 0, L_0x6432772b7a60;  alias, 1 drivers
L_0x6432772b6a70 .array/port v0x6432772a1f00, L_0x6432772b6ee0;
L_0x6432772b6ee0 .concat [ 5 2 0 0], L_0x6432772b4a70, L_0x7d3a6d86f888;
L_0x6432772b70e0 .array/port v0x6432772a1f00, L_0x6432772b7180;
L_0x6432772b7180 .concat [ 5 2 0 0], L_0x6432772b4b60, L_0x7d3a6d86f8d0;
    .scope S_0x64327722e650;
T_0 ;
    %wait E_0x64327723f220;
    %load/vec4 v0x64327729a7c0_0;
    %dup/vec4;
    %pushi/vec4 0, 0, 2;
    %cmp/u;
    %jmp/1 T_0.0, 6;
    %dup/vec4;
    %pushi/vec4 1, 0, 2;
    %cmp/u;
    %jmp/1 T_0.1, 6;
    %dup/vec4;
    %pushi/vec4 2, 0, 2;
    %cmp/u;
    %jmp/1 T_0.2, 6;
    %pushi/vec4 0, 0, 32;
    %store/vec4 v0x64327729a6e0_0, 0, 32;
    %jmp T_0.4;
T_0.0 ;
    %load/vec4 v0x64327727a7b0_0;
    %store/vec4 v0x64327729a6e0_0, 0, 32;
    %jmp T_0.4;
T_0.1 ;
    %load/vec4 v0x64327729a540_0;
    %store/vec4 v0x64327729a6e0_0, 0, 32;
    %jmp T_0.4;
T_0.2 ;
    %load/vec4 v0x64327729a620_0;
    %store/vec4 v0x64327729a6e0_0, 0, 32;
    %jmp T_0.4;
T_0.4 ;
    %pop/vec4 1;
    %jmp T_0;
    .thread T_0, $push;
    .scope S_0x64327729bb40;
T_1 ;
    %vpi_call 7 16 "$readmemh", "inst.mem", v0x64327729c2f0 {0 0 0};
    %end;
    .thread T_1;
    .scope S_0x64327729bb40;
T_2 ;
    %wait E_0x643277281d00;
    %load/vec4 v0x64327729c7c0_0;
    %flag_set/vec4 8;
    %jmp/0xz  T_2.0, 8;
    %pushi/vec4 0, 0, 32;
    %assign/vec4 v0x64327729c600_0, 0;
    %jmp T_2.1;
T_2.0 ;
    %load/vec4 v0x64327729c490_0;
    %assign/vec4 v0x64327729c600_0, 0;
T_2.1 ;
    %jmp T_2;
    .thread T_2;
    .scope S_0x64327729bb40;
T_3 ;
    %wait E_0x643277227af0;
    %load/vec4 v0x64327729c3b0_0;
    %store/vec4 v0x64327729c6e0_0, 0, 32;
    %jmp T_3;
    .thread T_3, $push;
    .scope S_0x6432772a0bc0;
T_4 ;
    %wait E_0x6432772a0dc0;
    %load/vec4 v0x6432772a0e40_0;
    %dup/vec4;
    %pushi/vec4 0, 0, 2;
    %cmp/u;
    %jmp/1 T_4.0, 6;
    %dup/vec4;
    %pushi/vec4 1, 0, 2;
    %cmp/u;
    %jmp/1 T_4.1, 6;
    %dup/vec4;
    %pushi/vec4 2, 0, 2;
    %cmp/u;
    %jmp/1 T_4.2, 6;
    %dup/vec4;
    %pushi/vec4 3, 0, 2;
    %cmp/u;
    %jmp/1 T_4.3, 6;
    %load/vec4 v0x6432772a1010_0;
    %parti/s 1, 31, 6;
    %replicate 11;
    %load/vec4 v0x6432772a1010_0;
    %parti/s 1, 31, 6;
    %concat/vec4; draw_concat_vec4
    %load/vec4 v0x6432772a1010_0;
    %parti/s 8, 12, 5;
    %concat/vec4; draw_concat_vec4
    %load/vec4 v0x6432772a1010_0;
    %parti/s 1, 20, 6;
    %concat/vec4; draw_concat_vec4
    %load/vec4 v0x6432772a1010_0;
    %parti/s 10, 21, 6;
    %concat/vec4; draw_concat_vec4
    %concati/vec4 0, 0, 1;
    %store/vec4 v0x6432772a0f50_0, 0, 32;
    %jmp T_4.5;
T_4.0 ;
    %load/vec4 v0x6432772a1010_0;
    %parti/s 1, 31, 6;
    %replicate 20;
    %load/vec4 v0x6432772a1010_0;
    %parti/s 12, 20, 6;
    %concat/vec4; draw_concat_vec4
    %store/vec4 v0x6432772a0f50_0, 0, 32;
    %jmp T_4.5;
T_4.1 ;
    %load/vec4 v0x6432772a1010_0;
    %parti/s 1, 31, 6;
    %replicate 20;
    %load/vec4 v0x6432772a1010_0;
    %parti/s 7, 25, 6;
    %concat/vec4; draw_concat_vec4
    %load/vec4 v0x6432772a1010_0;
    %parti/s 5, 7, 4;
    %concat/vec4; draw_concat_vec4
    %store/vec4 v0x6432772a0f50_0, 0, 32;
    %jmp T_4.5;
T_4.2 ;
    %load/vec4 v0x6432772a1010_0;
    %parti/s 1, 31, 6;
    %replicate 19;
    %load/vec4 v0x6432772a1010_0;
    %parti/s 1, 31, 6;
    %concat/vec4; draw_concat_vec4
    %load/vec4 v0x6432772a1010_0;
    %parti/s 1, 7, 4;
    %concat/vec4; draw_concat_vec4
    %load/vec4 v0x6432772a1010_0;
    %parti/s 6, 25, 6;
    %concat/vec4; draw_concat_vec4
    %load/vec4 v0x6432772a1010_0;
    %parti/s 4, 8, 5;
    %concat/vec4; draw_concat_vec4
    %concati/vec4 0, 0, 1;
    %store/vec4 v0x6432772a0f50_0, 0, 32;
    %jmp T_4.5;
T_4.3 ;
    %load/vec4 v0x6432772a1010_0;
    %parti/s 20, 12, 5;
    %concati/vec4 0, 0, 12;
    %store/vec4 v0x6432772a0f50_0, 0, 32;
    %jmp T_4.5;
T_4.5 ;
    %pop/vec4 1;
    %jmp T_4;
    .thread T_4, $push;
    .scope S_0x6432772a1170;
T_5 ;
    %wait E_0x64327729d080;
    %load/vec4 v0x6432772a1fa0_0;
    %flag_set/vec4 8;
    %jmp/0xz  T_5.0, 8;
    %pushi/vec4 0, 0, 32;
    %store/vec4 v0x6432772a1b10_0, 0, 32;
T_5.2 ;
    %load/vec4 v0x6432772a1b10_0;
    %cmpi/s 32, 0, 32;
    %jmp/0xz T_5.3, 5;
    %pushi/vec4 0, 0, 32;
    %ix/getv/s 4, v0x6432772a1b10_0;
    %store/vec4a v0x6432772a1f00, 4, 0;
    %load/vec4 v0x6432772a1b10_0;
    %addi 1, 0, 32;
    %store/vec4 v0x6432772a1b10_0, 0, 32;
    %jmp T_5.2;
T_5.3 ;
    %jmp T_5.1;
T_5.0 ;
    %load/vec4 v0x6432772a21f0_0;
    %load/vec4 v0x6432772a1bf0_0;
    %pad/u 7;
    %ix/vec4 4;
    %store/vec4a v0x6432772a1f00, 4, 0;
T_5.1 ;
    %jmp T_5;
    .thread T_5;
    .scope S_0x64327729c920;
T_6 ;
    %wait E_0x6432772815e0;
    %load/vec4 v0x64327729cbb0_0;
    %dup/vec4;
    %pushi/vec4 0, 0, 2;
    %cmp/u;
    %jmp/1 T_6.0, 6;
    %dup/vec4;
    %pushi/vec4 1, 0, 2;
    %cmp/u;
    %jmp/1 T_6.1, 6;
    %dup/vec4;
    %pushi/vec4 2, 0, 2;
    %cmp/u;
    %jmp/1 T_6.2, 6;
    %dup/vec4;
    %pushi/vec4 3, 0, 2;
    %cmp/u;
    %jmp/1 T_6.3, 6;
    %pushi/vec4 0, 0, 3;
    %store/vec4 v0x64327729cad0_0, 0, 3;
    %jmp T_6.5;
T_6.0 ;
    %pushi/vec4 6, 0, 3;
    %store/vec4 v0x64327729cad0_0, 0, 3;
    %jmp T_6.5;
T_6.1 ;
    %load/vec4 v0x64327729cc70_0;
    %dup/vec4;
    %pushi/vec4 0, 0, 3;
    %cmp/u;
    %jmp/1 T_6.6, 6;
    %dup/vec4;
    %pushi/vec4 1, 0, 3;
    %cmp/u;
    %jmp/1 T_6.7, 6;
    %pushi/vec4 0, 0, 3;
    %store/vec4 v0x64327729cad0_0, 0, 3;
    %jmp T_6.9;
T_6.6 ;
    %pushi/vec4 1, 0, 3;
    %store/vec4 v0x64327729cad0_0, 0, 3;
    %jmp T_6.9;
T_6.7 ;
    %pushi/vec4 2, 0, 3;
    %store/vec4 v0x64327729cad0_0, 0, 3;
    %jmp T_6.9;
T_6.9 ;
    %pop/vec4 1;
    %jmp T_6.5;
T_6.2 ;
    %load/vec4 v0x64327729cc70_0;
    %dup/vec4;
    %pushi/vec4 0, 0, 3;
    %cmp/u;
    %jmp/1 T_6.10, 6;
    %dup/vec4;
    %pushi/vec4 7, 0, 3;
    %cmp/u;
    %jmp/1 T_6.11, 6;
    %dup/vec4;
    %pushi/vec4 6, 0, 3;
    %cmp/u;
    %jmp/1 T_6.12, 6;
    %dup/vec4;
    %pushi/vec4 2, 0, 3;
    %cmp/u;
    %jmp/1 T_6.13, 6;
    %pushi/vec4 0, 0, 3;
    %store/vec4 v0x64327729cad0_0, 0, 3;
    %jmp T_6.15;
T_6.10 ;
    %load/vec4 v0x64327729cd30_0;
    %cmpi/e 1, 0, 1;
    %flag_mov 8, 4;
    %jmp/0 T_6.16, 8;
    %pushi/vec4 1, 0, 3;
    %jmp/1 T_6.17, 8;
T_6.16 ; End of true expr.
    %pushi/vec4 0, 0, 3;
    %jmp/0 T_6.17, 8;
 ; End of false expr.
    %blend;
T_6.17;
    %store/vec4 v0x64327729cad0_0, 0, 3;
    %jmp T_6.15;
T_6.11 ;
    %pushi/vec4 4, 0, 3;
    %store/vec4 v0x64327729cad0_0, 0, 3;
    %jmp T_6.15;
T_6.12 ;
    %pushi/vec4 3, 0, 3;
    %store/vec4 v0x64327729cad0_0, 0, 3;
    %jmp T_6.15;
T_6.13 ;
    %pushi/vec4 5, 0, 3;
    %store/vec4 v0x64327729cad0_0, 0, 3;
    %jmp T_6.15;
T_6.15 ;
    %pop/vec4 1;
    %jmp T_6.5;
T_6.3 ;
    %pushi/vec4 0, 0, 3;
    %store/vec4 v0x64327729cad0_0, 0, 3;
    %jmp T_6.5;
T_6.5 ;
    %pop/vec4 1;
    %jmp T_6;
    .thread T_6, $push;
    .scope S_0x64327729b500;
T_7 ;
    %wait E_0x643277227c30;
    %load/vec4 v0x64327729b920_0;
    %dup/vec4;
    %pushi/vec4 0, 0, 3;
    %cmp/u;
    %jmp/1 T_7.0, 6;
    %dup/vec4;
    %pushi/vec4 1, 0, 3;
    %cmp/u;
    %jmp/1 T_7.1, 6;
    %dup/vec4;
    %pushi/vec4 2, 0, 3;
    %cmp/u;
    %jmp/1 T_7.2, 6;
    %dup/vec4;
    %pushi/vec4 3, 0, 3;
    %cmp/u;
    %jmp/1 T_7.3, 6;
    %dup/vec4;
    %pushi/vec4 4, 0, 3;
    %cmp/u;
    %jmp/1 T_7.4, 6;
    %dup/vec4;
    %pushi/vec4 5, 0, 3;
    %cmp/u;
    %jmp/1 T_7.5, 6;
    %dup/vec4;
    %pushi/vec4 6, 0, 3;
    %cmp/u;
    %jmp/1 T_7.6, 6;
    %pushi/vec4 0, 0, 32;
    %store/vec4 v0x64327729b9e0_0, 0, 32;
    %jmp T_7.8;
T_7.0 ;
    %load/vec4 v0x64327729b740_0;
    %load/vec4 v0x64327729b840_0;
    %add;
    %store/vec4 v0x64327729b9e0_0, 0, 32;
    %jmp T_7.8;
T_7.1 ;
    %load/vec4 v0x64327729b740_0;
    %load/vec4 v0x64327729b840_0;
    %sub;
    %store/vec4 v0x64327729b9e0_0, 0, 32;
    %jmp T_7.8;
T_7.2 ;
    %load/vec4 v0x64327729b740_0;
    %load/vec4 v0x64327729b840_0;
    %div;
    %store/vec4 v0x64327729b9e0_0, 0, 32;
    %jmp T_7.8;
T_7.3 ;
    %load/vec4 v0x64327729b740_0;
    %load/vec4 v0x64327729b840_0;
    %and;
    %store/vec4 v0x64327729b9e0_0, 0, 32;
    %jmp T_7.8;
T_7.4 ;
    %load/vec4 v0x64327729b740_0;
    %load/vec4 v0x64327729b840_0;
    %xor;
    %store/vec4 v0x64327729b9e0_0, 0, 32;
    %jmp T_7.8;
T_7.5 ;
    %load/vec4 v0x64327729b740_0;
    %load/vec4 v0x64327729b840_0;
    %or;
    %store/vec4 v0x64327729b9e0_0, 0, 32;
    %jmp T_7.8;
T_7.6 ;
    %load/vec4 v0x64327729b740_0;
    %load/vec4 v0x64327729b840_0;
    %or;
    %inv;
    %store/vec4 v0x64327729b9e0_0, 0, 32;
    %jmp T_7.8;
T_7.8 ;
    %pop/vec4 1;
    %jmp T_7;
    .thread T_7, $push;
    .scope S_0x64327729cea0;
T_8 ;
    %wait E_0x64327729d080;
    %load/vec4 v0x64327729d940_0;
    %flag_set/vec4 8;
    %jmp/0xz  T_8.0, 8;
    %load/vec4 v0x64327729d7d0_0;
    %ix/getv 3, v0x64327729d100_0;
    %ix/load 4, 0, 0; Constant delay
    %assign/vec4/a/d v0x64327729d650, 0, 4;
T_8.0 ;
    %jmp T_8;
    .thread T_8;
    .scope S_0x6432772789c0;
T_9 ;
    %delay 5, 0;
    %load/vec4 v0x6432772a3ac0_0;
    %inv;
    %store/vec4 v0x6432772a3ac0_0, 0, 1;
    %jmp T_9;
    .thread T_9;
    .scope S_0x6432772789c0;
T_10 ;
    %pushi/vec4 0, 0, 1;
    %store/vec4 v0x6432772a3ac0_0, 0, 1;
    %pushi/vec4 0, 0, 1;
    %store/vec4 v0x6432772a3b60_0, 0, 1;
    %delay 10, 0;
    %pushi/vec4 1, 0, 1;
    %store/vec4 v0x6432772a3b60_0, 0, 1;
    %delay 15, 0;
    %pushi/vec4 0, 0, 1;
    %store/vec4 v0x6432772a3b60_0, 0, 1;
    %delay 100, 0;
    %vpi_call 4 22 "$finish" {0 0 0};
    %end;
    .thread T_10;
    .scope S_0x6432772789c0;
T_11 ;
    %vpi_call 4 27 "$dumpfile", "./temp/main.vcd" {0 0 0};
    %vpi_call 4 28 "$dumpvars", 32'sb00000000000000000000000000000000, S_0x6432772789c0 {0 0 0};
    %end;
    .thread T_11;
# The file index is used to find the file name in the following table.
:file_names 13;
    "N/A";
    "<interactive>";
    "/home/muhammad/Desktop/PROCESSOR/src/write_back.v";
    "/home/muhammad/Desktop/PROCESSOR/src/instruction_memory.v";
    "/home/muhammad/Desktop/PROCESSOR/tb/tb.v";
    "/home/muhammad/Desktop/PROCESSOR/src/main.v";
    "/home/muhammad/Desktop/PROCESSOR/src/ALU.v";
    "/home/muhammad/Desktop/PROCESSOR/src/program_counter.v";
    "/home/muhammad/Desktop/PROCESSOR/src/alu_decoder.v";
    "/home/muhammad/Desktop/PROCESSOR/src/data_memory.v";
    "/home/muhammad/Desktop/PROCESSOR/src/decoder.v";
    "/home/muhammad/Desktop/PROCESSOR/src/imm_gen.v";
    "/home/muhammad/Desktop/PROCESSOR/src/register.v";
