#! /usr/bin/vvp
:ivl_version "11.0 (stable)";
:ivl_delay_selection "TYPICAL";
:vpi_time_precision + 0;
:vpi_module "/usr/lib/x86_64-linux-gnu/ivl/system.vpi";
:vpi_module "/usr/lib/x86_64-linux-gnu/ivl/vhdl_sys.vpi";
:vpi_module "/usr/lib/x86_64-linux-gnu/ivl/vhdl_textio.vpi";
:vpi_module "/usr/lib/x86_64-linux-gnu/ivl/v2005_math.vpi";
:vpi_module "/usr/lib/x86_64-linux-gnu/ivl/va_math.vpi";
S_0x5f90fd6f0df0 .scope module, "counter_tb" "counter_tb" 2 1;
 .timescale 0 0;
v0x5f90fd73c550_0 .var "clk", 0 0;
v0x5f90fd73c620_0 .net "q", 2 0, v0x5f90fd73c350_0;  1 drivers
v0x5f90fd73c6f0_0 .var "rst", 0 0;
S_0x5f90fd6f0f80 .scope module, "u_gate" "counter" 2 8, 3 1 0, S_0x5f90fd6f0df0;
 .timescale 0 0;
    .port_info 0 /INPUT 1 "rst";
    .port_info 1 /INPUT 1 "clk";
    .port_info 2 /OUTPUT 3 "q";
v0x5f90fd6f2ba0_0 .net "clk", 0 0, v0x5f90fd73c550_0;  1 drivers
v0x5f90fd73c350_0 .var "q", 2 0;
v0x5f90fd73c430_0 .net "rst", 0 0, v0x5f90fd73c6f0_0;  1 drivers
E_0x5f90fd72c340/0 .event negedge, v0x5f90fd73c430_0;
E_0x5f90fd72c340/1 .event posedge, v0x5f90fd6f2ba0_0;
E_0x5f90fd72c340 .event/or E_0x5f90fd72c340/0, E_0x5f90fd72c340/1;
    .scope S_0x5f90fd6f0f80;
T_0 ;
    %wait E_0x5f90fd72c340;
    %load/vec4 v0x5f90fd73c430_0;
    %inv;
    %flag_set/vec4 8;
    %jmp/0xz  T_0.0, 8;
    %pushi/vec4 0, 0, 3;
    %assign/vec4 v0x5f90fd73c350_0, 0;
    %jmp T_0.1;
T_0.0 ;
    %pushi/vec4 4, 0, 4;
    %load/vec4 v0x5f90fd73c350_0;
    %pad/u 4;
    %add;
    %pad/u 3;
    %store/vec4 v0x5f90fd73c350_0, 0, 3;
T_0.1 ;
    %jmp T_0;
    .thread T_0;
    .scope S_0x5f90fd6f0df0;
T_1 ;
    %pushi/vec4 0, 0, 1;
    %store/vec4 v0x5f90fd73c6f0_0, 0, 1;
    %pushi/vec4 0, 0, 1;
    %store/vec4 v0x5f90fd73c550_0, 0, 1;
    %delay 10, 0;
    %pushi/vec4 1, 0, 1;
    %store/vec4 v0x5f90fd73c6f0_0, 0, 1;
    %delay 200, 0;
    %vpi_call 2 20 "$finish" {0 0 0};
    %end;
    .thread T_1;
    .scope S_0x5f90fd6f0df0;
T_2 ;
    %vpi_call 2 24 "$dumpfile", "temp/counter.vcd" {0 0 0};
    %vpi_call 2 25 "$dumpvars", 32'sb00000000000000000000000000000000, S_0x5f90fd6f0df0 {0 0 0};
    %end;
    .thread T_2;
    .scope S_0x5f90fd6f0df0;
T_3 ;
    %delay 5, 0;
    %load/vec4 v0x5f90fd73c550_0;
    %inv;
    %store/vec4 v0x5f90fd73c550_0, 0, 1;
    %jmp T_3;
    .thread T_3;
# The file index is used to find the file name in the following table.
:file_names 4;
    "N/A";
    "<interactive>";
    "/home/muhammad/Desktop/verilog/Sequential/counter/tb/counter_tb.v";
    "/home/muhammad/Desktop/verilog/Sequential/counter/src/counter.v";
